<?xml version="1.0" encoding="UTF-8"?>
<testsuite xmlns:xsi="http://www.w3.org/2001/XMLSchema-instance" xsi:noNamespaceSchemaLocation="https://maven.apache.org/surefire/maven-surefire-plugin/xsd/surefire-test-report-3.0.xsd" version="3.0" name="ru.kolivim.myproject.task.management.system.impl.TaskServiceTest" time="10.771" tests="14" errors="0" skipped="0" failures="0">
  <properties>
[...]
</properties>
  <testcase name="deleteByIdException" classname="ru.kolivim.myproject.task.management.system.impl.TaskServiceTest" time="0.639">
    <system-out><![CDATA[2023-12-19T01:32:29.690+03:00  INFO 2052 --- [           main] tc.postgres:15                           : Creating container for image: postgres:15
2023-12-19T01:32:29.807+03:00  INFO 2052 --- [           main] tc.postgres:15                           : Container postgres:15 is starting: 5f71a91357afa4d78f4e0df2e162c4f26a4b35b696580befae8c70386fc0c4b8
2023-12-19T01:32:32.262+03:00  INFO 2052 --- [           main] tc.postgres:15                           : Container postgres:15 started in PT2.5726127S
2023-12-19T01:32:32.263+03:00  INFO 2052 --- [           main] tc.postgres:15                           : Container is started (JDBC URL: jdbc:postgresql://localhost:62957/test?loggerLevel=OFF)
2023-12-19T01:32:32.265+03:00  INFO 2052 --- [           main] org.testcontainers.ext.ScriptUtils       : Executing database script from ru/kolivim/myproject/task/management/system/impl/schema.sql
2023-12-19T01:32:32.442+03:00  INFO 2052 --- [           main] org.testcontainers.ext.ScriptUtils       : Executed database script from ru/kolivim/myproject/task/management/system/impl/schema.sql in 177 ms.
2023-12-19T01:32:32.453+03:00  INFO 2052 --- [           main] t.c.s.AnnotationConfigContextLoaderUtils : Could not detect default configuration classes for test class [ru.kolivim.myproject.task.management.system.impl.TaskServiceTest]: TaskServiceTest does not declare any static, non-private, non-final, nested classes annotated with @Configuration.
2023-12-19T01:32:32.479+03:00  INFO 2052 --- [           main] .b.t.c.SpringBootTestContextBootstrapper : Found @SpringBootConfiguration ru.kolivim.myproject.task.management.system.impl.Application for test class ru.kolivim.myproject.task.management.system.impl.TaskServiceTest
2023-12-19T01:32:32.974+03:00  WARN 2052 --- [           main] ubernetesProfileEnvironmentPostProcessor : Not running inside kubernetes. Skipping 'kubernetes' profile activation.
\ |   |          |   *             *
/ |  |     __    |                      ___  ___
\ |_|     |  |   |   |    \    /   |   |   |/   |
/ |  |    |  |   |   |     \  /    |   |   |    |
\ |   |   |__|   |   |      \/     |   |   |    |
/

2023-12-19T01:32:33.546+03:00  WARN 2052 --- [           main] ory$DuplicateJsonObjectContextCustomizer : 

Found multiple occurrences of org.json.JSONObject on the class path:

	jar:file:/C:/Users/Mi/.m2/repository/org/json/json/20230618/json-20230618.jar!/org/json/JSONObject.class
	jar:file:/C:/Users/Mi/.m2/repository/com/vaadin/external/google/android-json/0.0.20131108.vaadin1/android-json-0.0.20131108.vaadin1.jar!/org/json/JSONObject.class

You may wish to exclude one of them to ensure predictable runtime behavior

2023-12-19T01:32:33.556+03:00  WARN 2052 --- [           main] ubernetesProfileEnvironmentPostProcessor : Not running inside kubernetes. Skipping 'kubernetes' profile activation.
2023-12-19T01:32:33.557+03:00  INFO 2052 --- [           main] r.k.m.t.m.system.impl.TaskServiceTest    : The following 1 profile is active: "testaccount"
2023-12-19T01:32:34.143+03:00  INFO 2052 --- [           main] .s.d.r.c.RepositoryConfigurationDelegate : Multiple Spring Data modules found, entering strict repository configuration mode
2023-12-19T01:32:34.143+03:00  INFO 2052 --- [           main] .s.d.r.c.RepositoryConfigurationDelegate : Bootstrapping Spring Data JPA repositories in DEFAULT mode.
2023-12-19T01:32:34.237+03:00  INFO 2052 --- [           main] .s.d.r.c.RepositoryConfigurationDelegate : Finished Spring Data repository scanning in 93 ms. Found 7 JPA repository interfaces.
2023-12-19T01:32:34.779+03:00  INFO 2052 --- [           main] liquibase.database                       : Set default schema name to public
2023-12-19T01:32:35.092+03:00  INFO 2052 --- [           main] liquibase.executor                       : Changelog query completed.
2023-12-19T01:32:35.098+03:00  INFO 2052 --- [           main] liquibase.executor                       : Changelog query completed.
2023-12-19T01:32:35.104+03:00  INFO 2052 --- [           main] liquibase.executor                       : Changelog query completed.
2023-12-19T01:32:35.108+03:00  INFO 2052 --- [           main] liquibase.executor                       : Changelog query completed.
2023-12-19T01:32:35.113+03:00  INFO 2052 --- [           main] liquibase.executor                       : Changelog query completed.
2023-12-19T01:32:35.115+03:00  INFO 2052 --- [           main] liquibase.lockservice                    : Successfully acquired change log lock
2023-12-19T01:32:35.127+03:00  INFO 2052 --- [           main] liquibase.changelog                      : Creating database history table with name: public.databasechangelog
2023-12-19T01:32:35.135+03:00  INFO 2052 --- [           main] liquibase.executor                       : Changelog query completed.
2023-12-19T01:32:35.140+03:00  INFO 2052 --- [           main] liquibase.changelog                      : Reading from public.databasechangelog
2023-12-19T01:32:35.144+03:00  INFO 2052 --- [           main] liquibase.executor                       : Changelog query completed.
2023-12-19T01:32:35.150+03:00  INFO 2052 --- [           main] liquibase.executor                       : Changelog query completed.
Running Changeset: db/changelog/v1.0/v.0.1_01_initial_schema.xml::activateUuidOsspExtension::anton
2023-12-19T01:32:35.216+03:00  INFO 2052 --- [           main] liquibase.changelog                      : Custom SQL executed
2023-12-19T01:32:35.219+03:00  INFO 2052 --- [           main] liquibase.changelog                      : ChangeSet db/changelog/v1.0/v.0.1_01_initial_schema.xml::activateUuidOsspExtension::anton ran successfully in 15ms
2023-12-19T01:32:35.222+03:00  INFO 2052 --- [           main] liquibase.executor                       : Changelog query completed.
2023-12-19T01:32:35.226+03:00  INFO 2052 --- [           main] liquibase.executor                       : Changelog query completed.
Running Changeset: db/changelog/v1.0/v.0.1_01_initial_schema.xml::createRoleTable::anton
2023-12-19T01:32:35.253+03:00  INFO 2052 --- [           main] liquibase.changelog                      : Table role created
2023-12-19T01:32:35.256+03:00  INFO 2052 --- [           main] liquibase.changelog                      : ChangeSet db/changelog/v1.0/v.0.1_01_initial_schema.xml::createRoleTable::anton ran successfully in 27ms
2023-12-19T01:32:35.260+03:00  INFO 2052 --- [           main] liquibase.executor                       : Changelog query completed.
Running Changeset: db/changelog/v1.0/v.0.1_01_initial_schema.xml::populateRolesTable::anton
2023-12-19T01:32:35.280+03:00  INFO 2052 --- [           main] liquibase.changelog                      : Custom SQL executed
2023-12-19T01:32:35.283+03:00  INFO 2052 --- [           main] liquibase.changelog                      : ChangeSet db/changelog/v1.0/v.0.1_01_initial_schema.xml::populateRolesTable::anton ran successfully in 19ms
2023-12-19T01:32:35.286+03:00  INFO 2052 --- [           main] liquibase.executor                       : Changelog query completed.
Running Changeset: db/changelog/v1.0/v.0.1_01_initial_schema.xml::createUsersTable::anton
2023-12-19T01:32:35.318+03:00  INFO 2052 --- [           main] liquibase.changelog                      : Table users created
2023-12-19T01:32:35.321+03:00  INFO 2052 --- [           main] liquibase.changelog                      : ChangeSet db/changelog/v1.0/v.0.1_01_initial_schema.xml::createUsersTable::anton ran successfully in 32ms
2023-12-19T01:32:35.324+03:00  INFO 2052 --- [           main] liquibase.executor                       : Changelog query completed.
Running Changeset: db/changelog/v1.0/v.0.1_01_initial_schema.xml::createAccountTable::anton
2023-12-19T01:32:35.353+03:00  INFO 2052 --- [           main] liquibase.changelog                      : Table account created
2023-12-19T01:32:35.357+03:00  INFO 2052 --- [           main] liquibase.changelog                      : ChangeSet db/changelog/v1.0/v.0.1_01_initial_schema.xml::createAccountTable::anton ran successfully in 30ms
2023-12-19T01:32:35.361+03:00  INFO 2052 --- [           main] liquibase.executor                       : Changelog query completed.
Running Changeset: db/changelog/v1.0/v.0.1_01_initial_schema.xml::createUserRoleTable::anton
2023-12-19T01:32:35.372+03:00  INFO 2052 --- [           main] liquibase.changelog                      : Table user_role created
2023-12-19T01:32:35.375+03:00  INFO 2052 --- [           main] liquibase.changelog                      : ChangeSet db/changelog/v1.0/v.0.1_01_initial_schema.xml::createUserRoleTable::anton ran successfully in 11ms
2023-12-19T01:32:35.378+03:00  INFO 2052 --- [           main] liquibase.executor                       : Changelog query completed.
Running Changeset: db/changelog/v1.0/v.0.1_01_initial_schema.xml::createTokenTable::anton
2023-12-19T01:32:35.390+03:00  INFO 2052 --- [           main] liquibase.changelog                      : Table recover_token created
2023-12-19T01:32:35.393+03:00  INFO 2052 --- [           main] liquibase.changelog                      : ChangeSet db/changelog/v1.0/v.0.1_01_initial_schema.xml::createTokenTable::anton ran successfully in 12ms
2023-12-19T01:32:35.398+03:00  INFO 2052 --- [           main] liquibase.executor                       : Changelog query completed.
Running Changeset: db/changelog/v1.0/v.0.1_01_initial_schema.xml::createCaptchaTable::anton
2023-12-19T01:32:35.409+03:00  INFO 2052 --- [           main] liquibase.changelog                      : Table captcha created
2023-12-19T01:32:35.411+03:00  INFO 2052 --- [           main] liquibase.changelog                      : ChangeSet db/changelog/v1.0/v.0.1_01_initial_schema.xml::createCaptchaTable::anton ran successfully in 10ms
2023-12-19T01:32:35.415+03:00  INFO 2052 --- [           main] liquibase.executor                       : Changelog query completed.
Running Changeset: db/changelog/v1.0/v.0.1_02_initial_task.xml::createTaskTable::Ivan
2023-12-19T01:32:35.445+03:00  INFO 2052 --- [           main] liquibase.changelog                      : Table task created
2023-12-19T01:32:35.447+03:00  INFO 2052 --- [           main] liquibase.changelog                      : ChangeSet db/changelog/v1.0/v.0.1_02_initial_task.xml::createTaskTable::Ivan ran successfully in 30ms
2023-12-19T01:32:35.451+03:00  INFO 2052 --- [           main] liquibase.executor                       : Changelog query completed.
Running Changeset: db/changelog/v1.0/v.0.1_03_initial_comment.xml::createCommentTable::Ivan
2023-12-19T01:32:35.480+03:00  INFO 2052 --- [           main] liquibase.changelog                      : Table comment created
2023-12-19T01:32:35.483+03:00  INFO 2052 --- [           main] liquibase.changelog                      : ChangeSet db/changelog/v1.0/v.0.1_03_initial_comment.xml::createCommentTable::Ivan ran successfully in 30ms
2023-12-19T01:32:35.487+03:00  INFO 2052 --- [           main] liquibase.executor                       : Changelog query completed.
2023-12-19T01:32:35.489+03:00  INFO 2052 --- [           main] liquibase                                : Update command completed successfully.
2023-12-19T01:32:35.494+03:00  INFO 2052 --- [           main] liquibase.executor                       : Changelog query completed.
2023-12-19T01:32:35.496+03:00  INFO 2052 --- [           main] liquibase.lockservice                    : Successfully released change log lock
2023-12-19T01:32:35.565+03:00  INFO 2052 --- [           main] o.hibernate.jpa.internal.util.LogHelper  : HHH000204: Processing PersistenceUnitInfo [name: default]
2023-12-19T01:32:35.593+03:00  INFO 2052 --- [           main] o.h.e.boot.internal.EnversServiceImpl    : Envers integration enabled? : true
2023-12-19T01:32:35.597+03:00  INFO 2052 --- [           main] o.h.b.i.BytecodeProviderInitiator        : HHH000021: Bytecode provider name : bytebuddy
2023-12-19T01:32:35.598+03:00  INFO 2052 --- [           main] o.s.o.j.p.SpringPersistenceUnitInfo      : No LoadTimeWeaver setup: ignoring JPA class transformer
2023-12-19T01:32:35.602+03:00  INFO 2052 --- [           main] com.zaxxer.hikari.HikariDataSource       : HikariPool-2 - Starting...
2023-12-19T01:32:35.630+03:00  INFO 2052 --- [           main] com.zaxxer.hikari.pool.HikariPool        : HikariPool-2 - Added connection org.postgresql.jdbc.PgConnection@2a542f65
2023-12-19T01:32:35.631+03:00  INFO 2052 --- [           main] com.zaxxer.hikari.HikariDataSource       : HikariPool-2 - Start completed.
2023-12-19T01:32:35.813+03:00  INFO 2052 --- [           main] o.h.b.i.BytecodeProviderInitiator        : HHH000021: Bytecode provider name : bytebuddy
2023-12-19T01:32:36.071+03:00  INFO 2052 --- [           main] o.h.e.t.j.p.i.JtaPlatformInitiator       : HHH000490: Using JtaPlatform implementation: [org.hibernate.engine.transaction.jta.platform.internal.NoJtaPlatform]
2023-12-19T01:32:36.072+03:00  INFO 2052 --- [           main] j.LocalContainerEntityManagerFactoryBean : Initialized JPA EntityManagerFactory for persistence unit 'default'
2023-12-19T01:32:36.782+03:00  INFO 2052 --- [           main] o.s.s.web.DefaultSecurityFilterChain     : Will secure any request with [org.springframework.security.web.session.DisableEncodeUrlFilter@4393cb22, org.springframework.security.web.context.request.async.WebAsyncManagerIntegrationFilter@3b1bf4bf, org.springframework.security.web.context.SecurityContextHolderFilter@730cc7da, org.springframework.security.web.header.HeaderWriterFilter@6dd5923a, org.springframework.security.web.authentication.logout.LogoutFilter@6982fae, ru.kolivim.myproject.task.management.system.impl.security.cookie.CookieFilter@6eba6554, org.springframework.security.oauth2.server.resource.web.authentication.BearerTokenAuthenticationFilter@4b16145, org.springframework.security.web.savedrequest.RequestCacheAwareFilter@629e9bbe, org.springframework.security.web.servletapi.SecurityContextHolderAwareRequestFilter@239b9195, org.springframework.security.web.authentication.AnonymousAuthenticationFilter@7d20cd82, org.springframework.security.web.session.SessionManagementFilter@4a9f517b, org.springframework.security.web.access.ExceptionTranslationFilter@7a0d71d4, org.springframework.security.web.access.intercept.AuthorizationFilter@6fa53b0d]
2023-12-19T01:32:38.480+03:00  INFO 2052 --- [           main] o.s.b.t.m.w.SpringBootMockServletContext : Initializing Spring TestDispatcherServlet ''
2023-12-19T01:32:38.481+03:00  INFO 2052 --- [           main] o.s.t.web.servlet.TestDispatcherServlet  : Initializing Servlet ''
2023-12-19T01:32:38.483+03:00  INFO 2052 --- [           main] o.s.t.web.servlet.TestDispatcherServlet  : Completed initialization in 2 ms
2023-12-19T01:32:38.510+03:00  INFO 2052 --- [           main] r.k.m.t.m.system.impl.TaskServiceTest    : Started TaskServiceTest in 6.018 seconds (process running for 35.649)
2023-12-19T01:32:38.533+03:00  INFO 2052 --- [           main] r.k.m.t.m.s.i.u.t.TechnicalUserConfig    : TechnicalUserConfig:executeByTechnicalUser start method
2023-12-19T01:32:38.533+03:00  INFO 2052 --- [           main] r.k.m.t.m.s.i.u.t.TechnicalUserConfig    : TechnicalUserConfig:createTestContext start method
2023-12-19T01:32:38.533+03:00  INFO 2052 --- [           main] r.k.m.t.m.s.i.u.t.TechnicalUserConfig    : TechnicalUserConfig:createToken start method
SecurityContextImpl [Null authentication]
2023-12-19T01:32:38.878+03:00  INFO 2052 --- [           main] r.k.m.t.m.s.i.service.task.TaskService   : TaskService: deleteById(UUID id) startMethod, id: b5e00e4e-5ac0-4fbb-a0e9-7c08da8950be
]]></system-out>
  </testcase>
  <testcase name="updateException" classname="ru.kolivim.myproject.task.management.system.impl.TaskServiceTest" time="0.058">
    <system-out><![CDATA[2023-12-19T01:32:39.173+03:00  INFO 2052 --- [           main] r.k.m.t.m.s.i.u.t.TechnicalUserConfig    : TechnicalUserConfig:executeByTechnicalUser start method
2023-12-19T01:32:39.174+03:00  INFO 2052 --- [           main] r.k.m.t.m.s.i.u.t.TechnicalUserConfig    : TechnicalUserConfig:createTestContext start method
2023-12-19T01:32:39.174+03:00  INFO 2052 --- [           main] r.k.m.t.m.s.i.u.t.TechnicalUserConfig    : TechnicalUserConfig:createToken start method
SecurityContextImpl [Null authentication]
2023-12-19T01:32:39.189+03:00  INFO 2052 --- [           main] r.k.m.t.m.s.i.service.task.TaskService   : TaskService: update(TaskDTO taskDTO) startMethod, TaskDTO: TaskDTO(status=null, priority=null, title=Тест заголовок2, description=Тест описание2, authorId=null, executorId=null, comments=null)
]]></system-out>
  </testcase>
  <testcase name="updateExecutor" classname="ru.kolivim.myproject.task.management.system.impl.TaskServiceTest" time="0.21">
    <system-out><![CDATA[2023-12-19T01:32:39.234+03:00  INFO 2052 --- [           main] r.k.m.t.m.s.i.u.t.TechnicalUserConfig    : TechnicalUserConfig:executeByTechnicalUser start method
2023-12-19T01:32:39.234+03:00  INFO 2052 --- [           main] r.k.m.t.m.s.i.u.t.TechnicalUserConfig    : TechnicalUserConfig:createTestContext start method
2023-12-19T01:32:39.234+03:00  INFO 2052 --- [           main] r.k.m.t.m.s.i.u.t.TechnicalUserConfig    : TechnicalUserConfig:createToken start method
SecurityContextImpl [Null authentication]
2023-12-19T01:32:39.252+03:00  INFO 2052 --- [           main] r.k.m.t.m.s.i.service.task.TaskService   : TaskService: updateExecutor(TaskDTO taskDTO) startMethod, TaskDTO: TaskDTO(status=null, priority=null, title=null, description=null, authorId=null, executorId=9298debd-60d0-46f0-b2b8-318ea5467173, comments=null)
2023-12-19T01:32:39.288+03:00  INFO 2052 --- [           main] r.k.m.t.m.s.i.service.task.TaskService   : TaskService: isUserExist(UUID id) startMethod, получен id: 9298debd-60d0-46f0-b2b8-318ea5467173
]]></system-out>
  </testcase>
  <testcase name="create" classname="ru.kolivim.myproject.task.management.system.impl.TaskServiceTest" time="0.04">
    <system-out><![CDATA[2023-12-19T01:32:39.441+03:00  INFO 2052 --- [           main] r.k.m.t.m.s.i.u.t.TechnicalUserConfig    : TechnicalUserConfig:executeByTechnicalUser start method
2023-12-19T01:32:39.442+03:00  INFO 2052 --- [           main] r.k.m.t.m.s.i.u.t.TechnicalUserConfig    : TechnicalUserConfig:createTestContext start method
2023-12-19T01:32:39.442+03:00  INFO 2052 --- [           main] r.k.m.t.m.s.i.u.t.TechnicalUserConfig    : TechnicalUserConfig:createToken start method
SecurityContextImpl [Null authentication]
2023-12-19T01:32:39.450+03:00  INFO 2052 --- [           main] r.k.m.t.m.s.i.service.task.TaskService   : TaskService: create(TaskDTO taskDTO) startMethod, taskDTO:TaskDTO(status=null, priority=LOW, title=Тест заголовок, description=Тест описание, authorId=null, executorId=07c19cea-569b-4bdf-9687-044b805d87a2, comments=null)
2023-12-19T01:32:39.451+03:00  INFO 2052 --- [           main] r.k.m.t.m.s.i.service.task.TaskService   : TaskService: isUserExist(UUID id) startMethod, получен id: 07c19cea-569b-4bdf-9687-044b805d87a2
]]></system-out>
  </testcase>
  <testcase name="updateStatus" classname="ru.kolivim.myproject.task.management.system.impl.TaskServiceTest" time="0.048">
    <system-out><![CDATA[2023-12-19T01:32:39.487+03:00  INFO 2052 --- [           main] r.k.m.t.m.s.i.u.t.TechnicalUserConfig    : TechnicalUserConfig:executeByTechnicalUser start method
2023-12-19T01:32:39.487+03:00  INFO 2052 --- [           main] r.k.m.t.m.s.i.u.t.TechnicalUserConfig    : TechnicalUserConfig:createTestContext start method
2023-12-19T01:32:39.488+03:00  INFO 2052 --- [           main] r.k.m.t.m.s.i.u.t.TechnicalUserConfig    : TechnicalUserConfig:createToken start method
SecurityContextImpl [Null authentication]
2023-12-19T01:32:39.498+03:00  INFO 2052 --- [           main] r.k.m.t.m.s.i.service.task.TaskService   : TaskService: updateStatus(TaskDTO taskDTO) startMethod, TaskDTO: TaskDTO(status=COMPLETED, priority=null, title=null, description=null, authorId=null, executorId=null, comments=null)
]]></system-out>
  </testcase>
  <testcase name="update" classname="ru.kolivim.myproject.task.management.system.impl.TaskServiceTest" time="0.037">
    <system-out><![CDATA[2023-12-19T01:32:39.535+03:00  INFO 2052 --- [           main] r.k.m.t.m.s.i.u.t.TechnicalUserConfig    : TechnicalUserConfig:executeByTechnicalUser start method
2023-12-19T01:32:39.535+03:00  INFO 2052 --- [           main] r.k.m.t.m.s.i.u.t.TechnicalUserConfig    : TechnicalUserConfig:createTestContext start method
2023-12-19T01:32:39.535+03:00  INFO 2052 --- [           main] r.k.m.t.m.s.i.u.t.TechnicalUserConfig    : TechnicalUserConfig:createToken start method
SecurityContextImpl [Null authentication]
2023-12-19T01:32:39.545+03:00  INFO 2052 --- [           main] r.k.m.t.m.s.i.service.task.TaskService   : TaskService: update(TaskDTO taskDTO) startMethod, TaskDTO: TaskDTO(status=null, priority=null, title=Тест заголовок2, description=Тест описание2, authorId=null, executorId=null, comments=null)
]]></system-out>
  </testcase>
  <testcase name="createExceptionExecutorIsDeleted" classname="ru.kolivim.myproject.task.management.system.impl.TaskServiceTest" time="0.032">
    <system-out><![CDATA[2023-12-19T01:32:39.572+03:00  INFO 2052 --- [           main] r.k.m.t.m.s.i.u.t.TechnicalUserConfig    : TechnicalUserConfig:executeByTechnicalUser start method
2023-12-19T01:32:39.572+03:00  INFO 2052 --- [           main] r.k.m.t.m.s.i.u.t.TechnicalUserConfig    : TechnicalUserConfig:createTestContext start method
2023-12-19T01:32:39.572+03:00  INFO 2052 --- [           main] r.k.m.t.m.s.i.u.t.TechnicalUserConfig    : TechnicalUserConfig:createToken start method
SecurityContextImpl [Null authentication]
2023-12-19T01:32:39.580+03:00  INFO 2052 --- [           main] r.k.m.t.m.s.i.service.task.TaskService   : TaskService: create(TaskDTO taskDTO) startMethod, taskDTO:TaskDTO(status=null, priority=LOW, title=Тест заголовок, description=Тест описание, authorId=null, executorId=ca016866-1ceb-4e63-b9b9-ac360103c199, comments=null)
2023-12-19T01:32:39.581+03:00  INFO 2052 --- [           main] r.k.m.t.m.s.i.service.task.TaskService   : TaskService: isUserExist(UUID id) startMethod, получен id: ca016866-1ceb-4e63-b9b9-ac360103c199
]]></system-out>
  </testcase>
  <testcase name="updateExecutorException" classname="ru.kolivim.myproject.task.management.system.impl.TaskServiceTest" time="0.041">
    <system-out><![CDATA[2023-12-19T01:32:39.607+03:00  INFO 2052 --- [           main] r.k.m.t.m.s.i.u.t.TechnicalUserConfig    : TechnicalUserConfig:executeByTechnicalUser start method
2023-12-19T01:32:39.607+03:00  INFO 2052 --- [           main] r.k.m.t.m.s.i.u.t.TechnicalUserConfig    : TechnicalUserConfig:createTestContext start method
2023-12-19T01:32:39.608+03:00  INFO 2052 --- [           main] r.k.m.t.m.s.i.u.t.TechnicalUserConfig    : TechnicalUserConfig:createToken start method
SecurityContextImpl [Null authentication]
2023-12-19T01:32:39.618+03:00  INFO 2052 --- [           main] r.k.m.t.m.s.i.service.task.TaskService   : TaskService: updateExecutor(TaskDTO taskDTO) startMethod, TaskDTO: TaskDTO(status=null, priority=null, title=null, description=null, authorId=null, executorId=51ad1bd0-dc15-430e-9e0f-70fb89f45527, comments=null)
]]></system-out>
  </testcase>
  <testcase name="updateStatusException" classname="ru.kolivim.myproject.task.management.system.impl.TaskServiceTest" time="0.035">
    <system-out><![CDATA[2023-12-19T01:32:39.651+03:00  INFO 2052 --- [           main] r.k.m.t.m.s.i.u.t.TechnicalUserConfig    : TechnicalUserConfig:executeByTechnicalUser start method
2023-12-19T01:32:39.651+03:00  INFO 2052 --- [           main] r.k.m.t.m.s.i.u.t.TechnicalUserConfig    : TechnicalUserConfig:createTestContext start method
2023-12-19T01:32:39.651+03:00  INFO 2052 --- [           main] r.k.m.t.m.s.i.u.t.TechnicalUserConfig    : TechnicalUserConfig:createToken start method
SecurityContextImpl [Null authentication]
2023-12-19T01:32:39.660+03:00  INFO 2052 --- [           main] r.k.m.t.m.s.i.service.task.TaskService   : TaskService: updateStatus(TaskDTO taskDTO) startMethod, TaskDTO: TaskDTO(status=COMPLETED, priority=null, title=null, description=null, authorId=null, executorId=null, comments=null)
]]></system-out>
  </testcase>
  <testcase name="deleteById" classname="ru.kolivim.myproject.task.management.system.impl.TaskServiceTest" time="0.036">
    <system-out><![CDATA[2023-12-19T01:32:39.687+03:00  INFO 2052 --- [           main] r.k.m.t.m.s.i.u.t.TechnicalUserConfig    : TechnicalUserConfig:executeByTechnicalUser start method
2023-12-19T01:32:39.687+03:00  INFO 2052 --- [           main] r.k.m.t.m.s.i.u.t.TechnicalUserConfig    : TechnicalUserConfig:createTestContext start method
2023-12-19T01:32:39.687+03:00  INFO 2052 --- [           main] r.k.m.t.m.s.i.u.t.TechnicalUserConfig    : TechnicalUserConfig:createToken start method
SecurityContextImpl [Null authentication]
2023-12-19T01:32:39.697+03:00  INFO 2052 --- [           main] r.k.m.t.m.s.i.service.task.TaskService   : TaskService: deleteById(UUID id) startMethod, id: b743225f-e0bd-4e3a-98a3-946fdd48184c
2023-12-19T01:32:39.711+03:00  INFO 2052 --- [           main] r.k.m.t.m.s.i.service.task.TaskService   : TaskService: deleteById(UUID id) endMethod, save Task: Task(status=PENDING, priority=HIGH, title=Тест заголовок, description=Тест описание, authorId=0f7d1002-9cc6-11ee-8c90-0242ac120002, executorId=a7025366-0288-4a81-9f83-1cdb592f711c, comments=[])
]]></system-out>
  </testcase>
  <testcase name="getAllMeByFilter" classname="ru.kolivim.myproject.task.management.system.impl.TaskServiceTest" time="0.039">
    <system-out><![CDATA[2023-12-19T01:32:39.724+03:00  INFO 2052 --- [           main] r.k.m.t.m.s.i.u.t.TechnicalUserConfig    : TechnicalUserConfig:executeByTechnicalUser start method
2023-12-19T01:32:39.724+03:00  INFO 2052 --- [           main] r.k.m.t.m.s.i.u.t.TechnicalUserConfig    : TechnicalUserConfig:createTestContext start method
2023-12-19T01:32:39.724+03:00  INFO 2052 --- [           main] r.k.m.t.m.s.i.u.t.TechnicalUserConfig    : TechnicalUserConfig:createToken start method
SecurityContextImpl [Null authentication]
2023-12-19T01:32:39.733+03:00  INFO 2052 --- [           main] r.k.m.t.m.s.i.service.task.TaskService   : TaskService: getAllByFilter startMethod, TaskDTO: TaskDTO(status=null, priority=LOW, title=Тест заголовок, description=Тест описание, authorId=0f7d1002-9cc6-11ee-8c90-0242ac120002, executorId=ba431201-8e85-49d6-8685-3af82b0b98f6, comments=null)
]]></system-out>
  </testcase>
  <testcase name="createExceptionExecutor" classname="ru.kolivim.myproject.task.management.system.impl.TaskServiceTest" time="0.03">
    <system-out><![CDATA[2023-12-19T01:32:39.768+03:00  INFO 2052 --- [           main] r.k.m.t.m.s.i.u.t.TechnicalUserConfig    : TechnicalUserConfig:executeByTechnicalUser start method
2023-12-19T01:32:39.768+03:00  INFO 2052 --- [           main] r.k.m.t.m.s.i.u.t.TechnicalUserConfig    : TechnicalUserConfig:createTestContext start method
2023-12-19T01:32:39.768+03:00  INFO 2052 --- [           main] r.k.m.t.m.s.i.u.t.TechnicalUserConfig    : TechnicalUserConfig:createToken start method
SecurityContextImpl [Null authentication]
2023-12-19T01:32:39.775+03:00  INFO 2052 --- [           main] r.k.m.t.m.s.i.service.task.TaskService   : TaskService: create(TaskDTO taskDTO) startMethod, taskDTO:TaskDTO(status=null, priority=LOW, title=Тест заголовок, description=Тест описание, authorId=null, executorId=c5911f02-de09-4eb9-8ab4-50e2af8c6ccc, comments=null)
2023-12-19T01:32:39.775+03:00  INFO 2052 --- [           main] r.k.m.t.m.s.i.service.task.TaskService   : TaskService: isUserExist(UUID id) startMethod, получен id: c5911f02-de09-4eb9-8ab4-50e2af8c6ccc
]]></system-out>
  </testcase>
  <testcase name="getAllMeAuthorId" classname="ru.kolivim.myproject.task.management.system.impl.TaskServiceTest" time="0.034">
    <system-out><![CDATA[2023-12-19T01:32:39.796+03:00  INFO 2052 --- [           main] r.k.m.t.m.s.i.u.t.TechnicalUserConfig    : TechnicalUserConfig:executeByTechnicalUser start method
2023-12-19T01:32:39.796+03:00  INFO 2052 --- [           main] r.k.m.t.m.s.i.u.t.TechnicalUserConfig    : TechnicalUserConfig:createTestContext start method
2023-12-19T01:32:39.796+03:00  INFO 2052 --- [           main] r.k.m.t.m.s.i.u.t.TechnicalUserConfig    : TechnicalUserConfig:createToken start method
SecurityContextImpl [Null authentication]
]]></system-out>
  </testcase>
  <testcase name="getAllMeExecutorId" classname="ru.kolivim.myproject.task.management.system.impl.TaskServiceTest" time="0.029">
    <system-out><![CDATA[2023-12-19T01:32:39.831+03:00  INFO 2052 --- [           main] r.k.m.t.m.s.i.u.t.TechnicalUserConfig    : TechnicalUserConfig:executeByTechnicalUser start method
2023-12-19T01:32:39.831+03:00  INFO 2052 --- [           main] r.k.m.t.m.s.i.u.t.TechnicalUserConfig    : TechnicalUserConfig:createTestContext start method
2023-12-19T01:32:39.831+03:00  INFO 2052 --- [           main] r.k.m.t.m.s.i.u.t.TechnicalUserConfig    : TechnicalUserConfig:createToken start method
SecurityContextImpl [Null authentication]
]]></system-out>
  </testcase>
</testsuite>